e:\coursework\c++\hw3\metricexecutive\debug\metricexecutive.pdb
e:\coursework\c++\hw3\metricexecutive\debug\metricexecutive.idb
e:\coursework\c++\hw3\metricexecutive\debug\filemgr.obj
e:\coursework\c++\hw3\metricexecutive\debug\filesystem.obj
e:\coursework\c++\hw3\metricexecutive\debug\abstracttree.obj
e:\coursework\c++\hw3\metricexecutive\debug\actionsandrules.obj
e:\coursework\c++\hw3\metricexecutive\debug\analyser.obj
e:\coursework\c++\hw3\metricexecutive\debug\configureparser.obj
e:\coursework\c++\hw3\metricexecutive\debug\parser.obj
e:\coursework\c++\hw3\metricexecutive\debug\scopestack.obj
e:\coursework\c++\hw3\metricexecutive\debug\semiexp.obj
e:\coursework\c++\hw3\metricexecutive\debug\tokenizer.obj
e:\coursework\c++\hw3\metricexecutive\debug\utilities.obj
e:\coursework\c++\hw3\metricexecutive\debug\metricexecutive.obj
e:\coursework\c++\hw3\debug\metricexecutive.lib
e:\coursework\c++\hw3\debug\metricexecutive.pdb
e:\coursework\c++\hw3\metricexecutive\debug\metricexecutive.tlog\cl.command.1.tlog
e:\coursework\c++\hw3\metricexecutive\debug\metricexecutive.tlog\cl.read.1.tlog
e:\coursework\c++\hw3\metricexecutive\debug\metricexecutive.tlog\cl.write.1.tlog
e:\coursework\c++\hw3\metricexecutive\debug\metricexecutive.tlog\lib-link.read.1.tlog
e:\coursework\c++\hw3\metricexecutive\debug\metricexecutive.tlog\lib-link.write.1.tlog
e:\coursework\c++\hw3\metricexecutive\debug\metricexecutive.tlog\lib.command.1.tlog
