e:\coursework\c++\hw3\paralleldependencyexecutive\debug\vc140.pdb
e:\coursework\c++\hw3\paralleldependencyexecutive\debug\vc140.idb
e:\coursework\c++\hw3\paralleldependencyexecutive\debug\dependencyanalyzer.obj
e:\coursework\c++\hw3\paralleldependencyexecutive\debug\filemgr.obj
e:\coursework\c++\hw3\paralleldependencyexecutive\debug\filesystem.obj
e:\coursework\c++\hw3\paralleldependencyexecutive\debug\metricexecutive.obj
e:\coursework\c++\hw3\paralleldependencyexecutive\debug\paralleldependencyanalysis.obj
e:\coursework\c++\hw3\paralleldependencyexecutive\debug\abstracttree.obj
e:\coursework\c++\hw3\paralleldependencyexecutive\debug\actionsandrules.obj
e:\coursework\c++\hw3\paralleldependencyexecutive\debug\analyser.obj
e:\coursework\c++\hw3\paralleldependencyexecutive\debug\configureparser.obj
e:\coursework\c++\hw3\paralleldependencyexecutive\debug\parser.obj
e:\coursework\c++\hw3\paralleldependencyexecutive\debug\scopestack.obj
e:\coursework\c++\hw3\paralleldependencyexecutive\debug\semiexp.obj
e:\coursework\c++\hw3\paralleldependencyexecutive\debug\tokenizer.obj
e:\coursework\c++\hw3\paralleldependencyexecutive\debug\utilities.obj
e:\coursework\c++\hw3\paralleldependencyexecutive\debug\paralleldependencyexecutive.obj
e:\coursework\c++\hw3\debug\paralleldependencyexecutive.ilk
e:\coursework\c++\hw3\debug\paralleldependencyexecutive.exe
e:\coursework\c++\hw3\debug\paralleldependencyexecutive.pdb
e:\coursework\c++\hw3\paralleldependencyexecutive\debug\parallel.4eacf956.tlog\cl.command.1.tlog
e:\coursework\c++\hw3\paralleldependencyexecutive\debug\parallel.4eacf956.tlog\cl.read.1.tlog
e:\coursework\c++\hw3\paralleldependencyexecutive\debug\parallel.4eacf956.tlog\cl.write.1.tlog
e:\coursework\c++\hw3\paralleldependencyexecutive\debug\parallel.4eacf956.tlog\link.command.1.tlog
e:\coursework\c++\hw3\paralleldependencyexecutive\debug\parallel.4eacf956.tlog\link.read.1.tlog
e:\coursework\c++\hw3\paralleldependencyexecutive\debug\parallel.4eacf956.tlog\link.write.1.tlog
