e:\coursework\c++\hw3\paralleldependencyanalysis\debug\paralleldependencyanalysis.pdb
e:\coursework\c++\hw3\paralleldependencyanalysis\debug\paralleldependencyanalysis.idb
e:\coursework\c++\hw3\paralleldependencyanalysis\debug\dependencyanalyzer.obj
e:\coursework\c++\hw3\paralleldependencyanalysis\debug\filemgr.obj
e:\coursework\c++\hw3\paralleldependencyanalysis\debug\filesystem.obj
e:\coursework\c++\hw3\paralleldependencyanalysis\debug\abstracttree.obj
e:\coursework\c++\hw3\paralleldependencyanalysis\debug\actionsandrules.obj
e:\coursework\c++\hw3\paralleldependencyanalysis\debug\analyser.obj
e:\coursework\c++\hw3\paralleldependencyanalysis\debug\configureparser.obj
e:\coursework\c++\hw3\paralleldependencyanalysis\debug\parser.obj
e:\coursework\c++\hw3\paralleldependencyanalysis\debug\scopestack.obj
e:\coursework\c++\hw3\paralleldependencyanalysis\debug\semiexp.obj
e:\coursework\c++\hw3\paralleldependencyanalysis\debug\tokenizer.obj
e:\coursework\c++\hw3\paralleldependencyanalysis\debug\utilities.obj
e:\coursework\c++\hw3\paralleldependencyanalysis\debug\paralleldependencyanalysis.obj
e:\coursework\c++\hw3\debug\paralleldependencyanalysis.lib
e:\coursework\c++\hw3\debug\paralleldependencyanalysis.pdb
e:\coursework\c++\hw3\paralleldependencyanalysis\debug\parallel.27b302af.tlog\cl.command.1.tlog
e:\coursework\c++\hw3\paralleldependencyanalysis\debug\parallel.27b302af.tlog\cl.read.1.tlog
e:\coursework\c++\hw3\paralleldependencyanalysis\debug\parallel.27b302af.tlog\cl.write.1.tlog
e:\coursework\c++\hw3\paralleldependencyanalysis\debug\parallel.27b302af.tlog\lib-link.read.1.tlog
e:\coursework\c++\hw3\paralleldependencyanalysis\debug\parallel.27b302af.tlog\lib-link.write.1.tlog
e:\coursework\c++\hw3\paralleldependencyanalysis\debug\parallel.27b302af.tlog\lib.command.1.tlog
