e:\coursework\c++\hw3\paralleldependencyexecutive\x64\debug\vc140.pdb
e:\coursework\c++\hw3\paralleldependencyexecutive\x64\debug\vc140.idb
e:\coursework\c++\hw3\paralleldependencyexecutive\x64\debug\filemgr.obj
e:\coursework\c++\hw3\paralleldependencyexecutive\x64\debug\filesystem.obj
e:\coursework\c++\hw3\paralleldependencyexecutive\x64\debug\metricexecutive.obj
e:\coursework\c++\hw3\paralleldependencyexecutive\x64\debug\abstracttree.obj
e:\coursework\c++\hw3\paralleldependencyexecutive\x64\debug\actionsandrules.obj
e:\coursework\c++\hw3\paralleldependencyexecutive\x64\debug\analyser.obj
e:\coursework\c++\hw3\paralleldependencyexecutive\x64\debug\configureparser.obj
e:\coursework\c++\hw3\paralleldependencyexecutive\x64\debug\parser.obj
e:\coursework\c++\hw3\paralleldependencyexecutive\x64\debug\scopestack.obj
e:\coursework\c++\hw3\paralleldependencyexecutive\x64\debug\semiexp.obj
e:\coursework\c++\hw3\paralleldependencyexecutive\x64\debug\tokenizer.obj
e:\coursework\c++\hw3\paralleldependencyexecutive\x64\debug\utilities.obj
e:\coursework\c++\hw3\x64\debug\paralleldependencyexecutive.ilk
e:\coursework\c++\hw3\x64\debug\paralleldependencyexecutive.exe
e:\coursework\c++\hw3\x64\debug\paralleldependencyexecutive.pdb
e:\coursework\c++\hw3\paralleldependencyexecutive\x64\debug\parallel.4eacf956.tlog\cl.command.1.tlog
e:\coursework\c++\hw3\paralleldependencyexecutive\x64\debug\parallel.4eacf956.tlog\cl.read.1.tlog
e:\coursework\c++\hw3\paralleldependencyexecutive\x64\debug\parallel.4eacf956.tlog\cl.write.1.tlog
e:\coursework\c++\hw3\paralleldependencyexecutive\x64\debug\parallel.4eacf956.tlog\link.command.1.tlog
e:\coursework\c++\hw3\paralleldependencyexecutive\x64\debug\parallel.4eacf956.tlog\link.read.1.tlog
e:\coursework\c++\hw3\paralleldependencyexecutive\x64\debug\parallel.4eacf956.tlog\link.write.1.tlog
