e:\coursework\c++\hw3\parser\debug\parser.pdb
e:\coursework\c++\hw3\parser\debug\parser.idb
e:\coursework\c++\hw3\parser\debug\dependencyanalyzer.obj
e:\coursework\c++\hw3\parser\debug\filesystem.obj
e:\coursework\c++\hw3\parser\debug\scopestack.obj
e:\coursework\c++\hw3\parser\debug\semiexp.obj
e:\coursework\c++\hw3\parser\debug\tokenizer.obj
e:\coursework\c++\hw3\parser\debug\utilities.obj
e:\coursework\c++\hw3\parser\debug\abstracttree.obj
e:\coursework\c++\hw3\parser\debug\actionsandrules.obj
e:\coursework\c++\hw3\parser\debug\configureparser.obj
e:\coursework\c++\hw3\parser\debug\analyser.obj
e:\coursework\c++\hw3\parser\debug\parser.obj
e:\coursework\c++\hw3\debug\parser.lib
e:\coursework\c++\hw3\debug\parser.pdb
e:\coursework\c++\hw3\parser\debug\parser.tlog\cl.command.1.tlog
e:\coursework\c++\hw3\parser\debug\parser.tlog\cl.read.1.tlog
e:\coursework\c++\hw3\parser\debug\parser.tlog\cl.write.1.tlog
e:\coursework\c++\hw3\parser\debug\parser.tlog\lib-link.read.1.tlog
e:\coursework\c++\hw3\parser\debug\parser.tlog\lib-link.write.1.tlog
e:\coursework\c++\hw3\parser\debug\parser.tlog\lib.command.1.tlog
